<html>
<head>
<title>TestNG:  chrome_test</title>
<link href="../testng.css" rel="stylesheet" type="text/css" />
<link href="../my-testng.css" rel="stylesheet" type="text/css" />

<style type="text/css">
.log { display: none;} 
.stack-trace { display: none;} 
</style>
<script type="text/javascript">
<!--
function flip(e) {
  current = e.style.display;
  if (current == 'block') {
    e.style.display = 'none';
    return 0;
  }
  else {
    e.style.display = 'block';
    return 1;
  }
}

function toggleBox(szDivId, elem, msg1, msg2)
{
  var res = -1;  if (document.getElementById) {
    res = flip(document.getElementById(szDivId));
  }
  else if (document.all) {
    // this is the way old msie versions work
    res = flip(document.all[szDivId]);
  }
  if(elem) {
    if(res == 0) elem.innerHTML = msg1; else elem.innerHTML = msg2;
  }

}

function toggleAllBoxes() {
  if (document.getElementsByTagName) {
    d = document.getElementsByTagName('div');
    for (i = 0; i < d.length; i++) {
      if (d[i].className == 'log') {
        flip(d[i]);
      }
    }
  }
}

// -->
</script>

</head>
<body>
<h2 align='center'>chrome_test</h2><table border='1' align="center">
<tr>
<td>Tests passed/Failed/Skipped:</td><td>32/3/0</td>
</tr><tr>
<td>Started on:</td><td>Wed May 04 17:03:37 EDT 2022</td>
</tr>
<tr><td>Total time:</td><td>55 seconds (55956 ms)</td>
</tr><tr>
<td>Included groups:</td><td></td>
</tr><tr>
<td>Excluded groups:</td><td></td>
</tr>
</table><p/>
<small><i>(Hover the method name to see the test class name)</i></small><p/>
<table width='100%' border='1' class='invocation-failed'>
<tr><td colspan='4' align='center'><b>FAILED TESTS</b></td></tr>
<tr><td><b>Test method</b></td>
<td width="30%"><b>Exception</b></td>
<td width="10%"><b>Time (seconds)</b></td>
<td><b>Instance</b></td>
</tr>
<tr>
<td title='dsAlgo_TestCases.Register_TestCase.InvalidRegister()'><b>InvalidRegister</b><br>Test class: dsAlgo_TestCases.Register_TestCase<br>Test method: This testcase verify the Invalid Usernmae and password<br>Parameters: pinwheel, Password</td>
<td><div><pre>java.lang.AssertionError: Invalid Username and password
	at dsAlgo_TestCases.Register_TestCase.InvalidRegister(Register_TestCase.java:72)
	at java.base/java.util.ArrayList.forEach(ArrayList.java:1511)
... Removed 28 stack frames</pre></div><a href='#' onClick='toggleBox("stack-trace1587010134", this, "Click to show all stack frames", "Click to hide stack frames")'>Click to show all stack frames</a>
<div class='stack-trace' id='stack-trace1587010134'><pre>java.lang.AssertionError: Invalid Username and password
	at org.testng.Assert.fail(Assert.java:99)
	at dsAlgo_TestCases.Register_TestCase.InvalidRegister(Register_TestCase.java:72)
	at java.base/jdk.internal.reflect.NativeMethodAccessorImpl.invoke0(Native Method)
	at java.base/jdk.internal.reflect.NativeMethodAccessorImpl.invoke(NativeMethodAccessorImpl.java:77)
	at java.base/jdk.internal.reflect.DelegatingMethodAccessorImpl.invoke(DelegatingMethodAccessorImpl.java:43)
	at java.base/java.lang.reflect.Method.invoke(Method.java:568)
	at org.testng.internal.MethodInvocationHelper.invokeMethod(MethodInvocationHelper.java:133)
	at org.testng.internal.TestInvoker.invokeMethod(TestInvoker.java:598)
	at org.testng.internal.TestInvoker.invokeTestMethod(TestInvoker.java:173)
	at org.testng.internal.MethodRunner.runInSequence(MethodRunner.java:46)
	at org.testng.internal.TestInvoker$MethodInvocationAgent.invoke(TestInvoker.java:824)
	at org.testng.internal.TestInvoker.invokeTestMethods(TestInvoker.java:146)
	at org.testng.internal.TestMethodWorker.invokeTestMethods(TestMethodWorker.java:146)
	at org.testng.internal.TestMethodWorker.run(TestMethodWorker.java:128)
	at java.base/java.util.ArrayList.forEach(ArrayList.java:1511)
	at org.testng.TestRunner.privateRun(TestRunner.java:794)
	at org.testng.TestRunner.run(TestRunner.java:596)
	at org.testng.SuiteRunner.runTest(SuiteRunner.java:377)
	at org.testng.SuiteRunner.runSequentially(SuiteRunner.java:371)
	at org.testng.SuiteRunner.privateRun(SuiteRunner.java:332)
	at org.testng.SuiteRunner.run(SuiteRunner.java:276)
	at org.testng.SuiteRunnerWorker.runSuite(SuiteRunnerWorker.java:53)
	at org.testng.SuiteRunnerWorker.run(SuiteRunnerWorker.java:96)
	at org.testng.TestNG.runSuitesSequentially(TestNG.java:1212)
	at org.testng.TestNG.runSuitesLocally(TestNG.java:1134)
	at org.testng.TestNG.runSuites(TestNG.java:1063)
	at org.testng.TestNG.run(TestNG.java:1031)
	at org.testng.remote.AbstractRemoteTestNG.run(AbstractRemoteTestNG.java:115)
	at org.testng.remote.RemoteTestNG.initAndRun(RemoteTestNG.java:251)
	at org.testng.remote.RemoteTestNG.main(RemoteTestNG.java:77)
</pre></div></td>
<td>0</td>
<td>dsAlgo_TestCases.Register_TestCase@5f5effb0</td></tr>
<tr>
<td title='dsAlgo_TestCases.Register_TestCase.InvalidRegister()'><b>InvalidRegister</b><br>Test class: dsAlgo_TestCases.Register_TestCase<br>Test method: This testcase verify the Invalid Usernmae and password<br>Parameters: dsalgo, algo_1$</td>
<td><div><pre>java.lang.AssertionError: Invalid Username and password
	at dsAlgo_TestCases.Register_TestCase.InvalidRegister(Register_TestCase.java:72)
	at java.base/java.util.ArrayList.forEach(ArrayList.java:1511)
... Removed 28 stack frames</pre></div><a href='#' onClick='toggleBox("stack-trace1929713950", this, "Click to show all stack frames", "Click to hide stack frames")'>Click to show all stack frames</a>
<div class='stack-trace' id='stack-trace1929713950'><pre>java.lang.AssertionError: Invalid Username and password
	at org.testng.Assert.fail(Assert.java:99)
	at dsAlgo_TestCases.Register_TestCase.InvalidRegister(Register_TestCase.java:72)
	at java.base/jdk.internal.reflect.NativeMethodAccessorImpl.invoke0(Native Method)
	at java.base/jdk.internal.reflect.NativeMethodAccessorImpl.invoke(NativeMethodAccessorImpl.java:77)
	at java.base/jdk.internal.reflect.DelegatingMethodAccessorImpl.invoke(DelegatingMethodAccessorImpl.java:43)
	at java.base/java.lang.reflect.Method.invoke(Method.java:568)
	at org.testng.internal.MethodInvocationHelper.invokeMethod(MethodInvocationHelper.java:133)
	at org.testng.internal.TestInvoker.invokeMethod(TestInvoker.java:598)
	at org.testng.internal.TestInvoker.invokeTestMethod(TestInvoker.java:173)
	at org.testng.internal.MethodRunner.runInSequence(MethodRunner.java:46)
	at org.testng.internal.TestInvoker$MethodInvocationAgent.invoke(TestInvoker.java:824)
	at org.testng.internal.TestInvoker.invokeTestMethods(TestInvoker.java:146)
	at org.testng.internal.TestMethodWorker.invokeTestMethods(TestMethodWorker.java:146)
	at org.testng.internal.TestMethodWorker.run(TestMethodWorker.java:128)
	at java.base/java.util.ArrayList.forEach(ArrayList.java:1511)
	at org.testng.TestRunner.privateRun(TestRunner.java:794)
	at org.testng.TestRunner.run(TestRunner.java:596)
	at org.testng.SuiteRunner.runTest(SuiteRunner.java:377)
	at org.testng.SuiteRunner.runSequentially(SuiteRunner.java:371)
	at org.testng.SuiteRunner.privateRun(SuiteRunner.java:332)
	at org.testng.SuiteRunner.run(SuiteRunner.java:276)
	at org.testng.SuiteRunnerWorker.runSuite(SuiteRunnerWorker.java:53)
	at org.testng.SuiteRunnerWorker.run(SuiteRunnerWorker.java:96)
	at org.testng.TestNG.runSuitesSequentially(TestNG.java:1212)
	at org.testng.TestNG.runSuitesLocally(TestNG.java:1134)
	at org.testng.TestNG.runSuites(TestNG.java:1063)
	at org.testng.TestNG.run(TestNG.java:1031)
	at org.testng.remote.AbstractRemoteTestNG.run(AbstractRemoteTestNG.java:115)
	at org.testng.remote.RemoteTestNG.initAndRun(RemoteTestNG.java:251)
	at org.testng.remote.RemoteTestNG.main(RemoteTestNG.java:77)
</pre></div></td>
<td>0</td>
<td>dsAlgo_TestCases.Register_TestCase@5f5effb0</td></tr>
<tr>
<td title='dsAlgo_TestCases.Register_TestCase.InvalidRegister()'><b>InvalidRegister</b><br>Test class: dsAlgo_TestCases.Register_TestCase<br>Test method: This testcase verify the Invalid Usernmae and password<br>Parameters: sdet38, pasword@</td>
<td><div><pre>java.lang.AssertionError: Invalid Username and password
	at dsAlgo_TestCases.Register_TestCase.InvalidRegister(Register_TestCase.java:72)
	at java.base/java.util.ArrayList.forEach(ArrayList.java:1511)
... Removed 28 stack frames</pre></div><a href='#' onClick='toggleBox("stack-trace318321607", this, "Click to show all stack frames", "Click to hide stack frames")'>Click to show all stack frames</a>
<div class='stack-trace' id='stack-trace318321607'><pre>java.lang.AssertionError: Invalid Username and password
	at org.testng.Assert.fail(Assert.java:99)
	at dsAlgo_TestCases.Register_TestCase.InvalidRegister(Register_TestCase.java:72)
	at java.base/jdk.internal.reflect.NativeMethodAccessorImpl.invoke0(Native Method)
	at java.base/jdk.internal.reflect.NativeMethodAccessorImpl.invoke(NativeMethodAccessorImpl.java:77)
	at java.base/jdk.internal.reflect.DelegatingMethodAccessorImpl.invoke(DelegatingMethodAccessorImpl.java:43)
	at java.base/java.lang.reflect.Method.invoke(Method.java:568)
	at org.testng.internal.MethodInvocationHelper.invokeMethod(MethodInvocationHelper.java:133)
	at org.testng.internal.TestInvoker.invokeMethod(TestInvoker.java:598)
	at org.testng.internal.TestInvoker.invokeTestMethod(TestInvoker.java:173)
	at org.testng.internal.MethodRunner.runInSequence(MethodRunner.java:46)
	at org.testng.internal.TestInvoker$MethodInvocationAgent.invoke(TestInvoker.java:824)
	at org.testng.internal.TestInvoker.invokeTestMethods(TestInvoker.java:146)
	at org.testng.internal.TestMethodWorker.invokeTestMethods(TestMethodWorker.java:146)
	at org.testng.internal.TestMethodWorker.run(TestMethodWorker.java:128)
	at java.base/java.util.ArrayList.forEach(ArrayList.java:1511)
	at org.testng.TestRunner.privateRun(TestRunner.java:794)
	at org.testng.TestRunner.run(TestRunner.java:596)
	at org.testng.SuiteRunner.runTest(SuiteRunner.java:377)
	at org.testng.SuiteRunner.runSequentially(SuiteRunner.java:371)
	at org.testng.SuiteRunner.privateRun(SuiteRunner.java:332)
	at org.testng.SuiteRunner.run(SuiteRunner.java:276)
	at org.testng.SuiteRunnerWorker.runSuite(SuiteRunnerWorker.java:53)
	at org.testng.SuiteRunnerWorker.run(SuiteRunnerWorker.java:96)
	at org.testng.TestNG.runSuitesSequentially(TestNG.java:1212)
	at org.testng.TestNG.runSuitesLocally(TestNG.java:1134)
	at org.testng.TestNG.runSuites(TestNG.java:1063)
	at org.testng.TestNG.run(TestNG.java:1031)
	at org.testng.remote.AbstractRemoteTestNG.run(AbstractRemoteTestNG.java:115)
	at org.testng.remote.RemoteTestNG.initAndRun(RemoteTestNG.java:251)
	at org.testng.remote.RemoteTestNG.main(RemoteTestNG.java:77)
</pre></div></td>
<td>0</td>
<td>dsAlgo_TestCases.Register_TestCase@5f5effb0</td></tr>
</table><p>
<table width='100%' border='1' class='invocation-passed'>
<tr><td colspan='4' align='center'><b>PASSED TESTS</b></td></tr>
<tr><td><b>Test method</b></td>
<td width="30%"><b>Exception</b></td>
<td width="10%"><b>Time (seconds)</b></td>
<td><b>Instance</b></td>
</tr>
<tr>
<td title='dsAlgo_TestCases.Graph_TestCases.SelectStackModule()'><b>SelectStackModule</b><br>Test class: dsAlgo_TestCases.Graph_TestCases</td>
<td></td>
<td>0</td>
<td>dsAlgo_TestCases.Graph_TestCases@47e51549</td></tr>
<tr>
<td title='dsAlgo_TestCases.Queue_TestCases.Graph()'><b>Graph</b><br>Test class: dsAlgo_TestCases.Queue_TestCases</td>
<td></td>
<td>4</td>
<td>dsAlgo_TestCases.Queue_TestCases@360e9c06</td></tr>
<tr>
<td title='dsAlgo_TestCases.Stack_TestCases.Graph()'><b>Graph</b><br>Test class: dsAlgo_TestCases.Stack_TestCases</td>
<td></td>
<td>2</td>
<td>dsAlgo_TestCases.Stack_TestCases@101a461c</td></tr>
<tr>
<td title='dsAlgo_TestCases.Login_Test.verifyLogin()'><b>verifyLogin</b><br>Test class: dsAlgo_TestCases.Login_Test<br>Test method: This test case will verify login with username and password</td>
<td></td>
<td>1</td>
<td>dsAlgo_TestCases.Login_Test@58d6e55a</td></tr>
<tr>
<td title='dsAlgo_TestCases.LinkedList_TestCase.signOut()'><b>signOut</b><br>Test class: dsAlgo_TestCases.LinkedList_TestCase</td>
<td></td>
<td>0</td>
<td>dsAlgo_TestCases.LinkedList_TestCase@311ff287</td></tr>
<tr>
<td title='dsAlgo_TestCases.Stack_TestCases.VerifyStackTitle()'><b>VerifyStackTitle</b><br>Test class: dsAlgo_TestCases.Stack_TestCases</td>
<td></td>
<td>0</td>
<td>dsAlgo_TestCases.Stack_TestCases@101a461c</td></tr>
<tr>
<td title='dsAlgo_TestCases.DsAlgo_HomePage_TestCase.verifyHomepageTitle()'><b>verifyHomepageTitle</b><br>Test class: dsAlgo_TestCases.DsAlgo_HomePage_TestCase<br>Test method: This testcase will verify the title of the home page</td>
<td></td>
<td>0</td>
<td>dsAlgo_TestCases.DsAlgo_HomePage_TestCase@751ae8a4</td></tr>
<tr>
<td title='dsAlgo_TestCases.Queue_TestCases.VerifyQueueTitle()'><b>VerifyQueueTitle</b><br>Test class: dsAlgo_TestCases.Queue_TestCases</td>
<td></td>
<td>0</td>
<td>dsAlgo_TestCases.Queue_TestCases@360e9c06</td></tr>
<tr>
<td title='dsAlgo_TestCases.Register_TestCase.login()'><b>login</b><br>Test class: dsAlgo_TestCases.Register_TestCase</td>
<td></td>
<td>0</td>
<td>dsAlgo_TestCases.Register_TestCase@5f5effb0</td></tr>
<tr>
<td title='dsAlgo_TestCases.Graph_TestCases.noOfTopics()'><b>noOfTopics</b><br>Test class: dsAlgo_TestCases.Graph_TestCases<br>Test method: This test case will check the no of topics on Graph page</td>
<td></td>
<td>0</td>
<td>dsAlgo_TestCases.Graph_TestCases@47e51549</td></tr>
<tr>
<td title='dsAlgo_TestCases.Queue_TestCases.noOfTopics()'><b>noOfTopics</b><br>Test class: dsAlgo_TestCases.Queue_TestCases<br>Test method: This test case will check the no of topics on Queue page</td>
<td></td>
<td>0</td>
<td>dsAlgo_TestCases.Queue_TestCases@360e9c06</td></tr>
<tr>
<td title='dsAlgo_TestCases.Tree_TestCases.SelectQueueModule()'><b>SelectQueueModule</b><br>Test class: dsAlgo_TestCases.Tree_TestCases</td>
<td></td>
<td>0</td>
<td>dsAlgo_TestCases.Tree_TestCases@5ebffb44</td></tr>
<tr>
<td title='dsAlgo_TestCases.Graph_TestCases.VerifyGraphTitle()'><b>VerifyGraphTitle</b><br>Test class: dsAlgo_TestCases.Graph_TestCases</td>
<td></td>
<td>0</td>
<td>dsAlgo_TestCases.Graph_TestCases@47e51549</td></tr>
<tr>
<td title='dsAlgo_TestCases.Stack_TestCases.noOfTopics()'><b>noOfTopics</b><br>Test class: dsAlgo_TestCases.Stack_TestCases<br>Test method: This test case will check the no of topics on Stack page</td>
<td></td>
<td>0</td>
<td>dsAlgo_TestCases.Stack_TestCases@101a461c</td></tr>
<tr>
<td title='dsAlgo_TestCases.Tree_TestCases.Tree()'><b>Tree</b><br>Test class: dsAlgo_TestCases.Tree_TestCases</td>
<td></td>
<td>10</td>
<td>dsAlgo_TestCases.Tree_TestCases@5ebffb44</td></tr>
<tr>
<td title='dsAlgo_TestCases.LinkedList_TestCase.noOfTopics()'><b>noOfTopics</b><br>Test class: dsAlgo_TestCases.LinkedList_TestCase<br>Test method: This test case will check the no of topics on LinkedList page</td>
<td></td>
<td>0</td>
<td>dsAlgo_TestCases.LinkedList_TestCase@311ff287</td></tr>
<tr>
<td title='dsAlgo_TestCases.Queue_TestCases.SelectQueueModule()'><b>SelectQueueModule</b><br>Test class: dsAlgo_TestCases.Queue_TestCases</td>
<td></td>
<td>0</td>
<td>dsAlgo_TestCases.Queue_TestCases@360e9c06</td></tr>
<tr>
<td title='dsAlgo_TestCases.DataStructure_TestCase.dataStructure()'><b>dataStructure</b><br>Test class: dsAlgo_TestCases.DataStructure_TestCase<br>Test method: This testcase will take you the flow of the data structure page</td>
<td></td>
<td>1</td>
<td>dsAlgo_TestCases.DataStructure_TestCase@2da16263</td></tr>
<tr>
<td title='dsAlgo_TestCases.Register_TestCase.startPage()'><b>startPage</b><br>Test class: dsAlgo_TestCases.Register_TestCase<br>Test method: This testcase will open the browser and click on the getstart button</td>
<td></td>
<td>1</td>
<td>dsAlgo_TestCases.Register_TestCase@5f5effb0</td></tr>
<tr>
<td title='dsAlgo_TestCases.Array_TestCases.VerifyArrayTitle()'><b>VerifyArrayTitle</b><br>Test class: dsAlgo_TestCases.Array_TestCases</td>
<td></td>
<td>0</td>
<td>dsAlgo_TestCases.Array_TestCases@f5ce0bb</td></tr>
<tr>
<td title='dsAlgo_TestCases.LinkedList_TestCase.VerifyLinkedListTitle()'><b>VerifyLinkedListTitle</b><br>Test class: dsAlgo_TestCases.LinkedList_TestCase</td>
<td></td>
<td>0</td>
<td>dsAlgo_TestCases.LinkedList_TestCase@311ff287</td></tr>
<tr>
<td title='dsAlgo_TestCases.LinkedList_TestCase.LinkedList()'><b>LinkedList</b><br>Test class: dsAlgo_TestCases.LinkedList_TestCase</td>
<td></td>
<td>6</td>
<td>dsAlgo_TestCases.LinkedList_TestCase@311ff287</td></tr>
<tr>
<td title='dsAlgo_TestCases.Array_TestCases.SelectGraphModule()'><b>SelectGraphModule</b><br>Test class: dsAlgo_TestCases.Array_TestCases</td>
<td></td>
<td>0</td>
<td>dsAlgo_TestCases.Array_TestCases@f5ce0bb</td></tr>
<tr>
<td title='dsAlgo_TestCases.Stack_TestCases.SelectQueueModule()'><b>SelectQueueModule</b><br>Test class: dsAlgo_TestCases.Stack_TestCases</td>
<td></td>
<td>0</td>
<td>dsAlgo_TestCases.Stack_TestCases@101a461c</td></tr>
<tr>
<td title='dsAlgo_TestCases.Array_TestCases.Array()'><b>Array</b><br>Test class: dsAlgo_TestCases.Array_TestCases</td>
<td></td>
<td>3</td>
<td>dsAlgo_TestCases.Array_TestCases@f5ce0bb</td></tr>
<tr>
<td title='dsAlgo_TestCases.Tree_TestCases.VerifyTreeTitle()'><b>VerifyTreeTitle</b><br>Test class: dsAlgo_TestCases.Tree_TestCases</td>
<td></td>
<td>0</td>
<td>dsAlgo_TestCases.Tree_TestCases@5ebffb44</td></tr>
<tr>
<td title='dsAlgo_TestCases.DataStructure_TestCase.selectArrayModule()'><b>selectArrayModule</b><br>Test class: dsAlgo_TestCases.DataStructure_TestCase<br>Test method: navaigating back and choosing a module Array</td>
<td></td>
<td>0</td>
<td>dsAlgo_TestCases.DataStructure_TestCase@2da16263</td></tr>
<tr>
<td title='dsAlgo_TestCases.Register_TestCase.VerifyRegisterPageTitle()'><b>VerifyRegisterPageTitle</b><br>Test class: dsAlgo_TestCases.Register_TestCase</td>
<td></td>
<td>0</td>
<td>dsAlgo_TestCases.Register_TestCase@5f5effb0</td></tr>
<tr>
<td title='dsAlgo_TestCases.Array_TestCases.noOfTopics()'><b>noOfTopics</b><br>Test class: dsAlgo_TestCases.Array_TestCases<br>Test method: This test case will check the no of topics on Array page</td>
<td></td>
<td>0</td>
<td>dsAlgo_TestCases.Array_TestCases@f5ce0bb</td></tr>
<tr>
<td title='dsAlgo_TestCases.DsAlgo_HomePage_TestCase.totalModules()'><b>totalModules</b><br>Test class: dsAlgo_TestCases.DsAlgo_HomePage_TestCase<br>Test method: This testcase will verify the number of modules present in the home page</td>
<td></td>
<td>0</td>
<td>dsAlgo_TestCases.DsAlgo_HomePage_TestCase@751ae8a4</td></tr>
<tr>
<td title='dsAlgo_TestCases.Graph_TestCases.Graph()'><b>Graph</b><br>Test class: dsAlgo_TestCases.Graph_TestCases</td>
<td></td>
<td>1</td>
<td>dsAlgo_TestCases.Graph_TestCases@47e51549</td></tr>
<tr>
<td title='dsAlgo_TestCases.Tree_TestCases.noOfTopics()'><b>noOfTopics</b><br>Test class: dsAlgo_TestCases.Tree_TestCases<br>Test method: This test case will check the no of topics on Tree page</td>
<td></td>
<td>0</td>
<td>dsAlgo_TestCases.Tree_TestCases@5ebffb44</td></tr>
</table><p>
</body>
</html>