<?xml version="1.0" encoding="UTF-8"?>
<!-- Generated by org.testng.reporters.JUnitXMLReporter -->
<testsuite ignored="9" hostname="DESKTOP-D49DQUF" failures="3" tests="35" name="chrome_test" time="55.956" errors="0" timestamp="2022-05-04T17:04:33 EDT">
  <testcase classname="dsAlgo_TestCases.Register_TestCase" name="startPage" time="1.113"/>
  <testcase classname="dsAlgo_TestCases.Register_TestCase" name="VerifyRegisterPageTitle" time="0.021"/>
  <testcase classname="dsAlgo_TestCases.Register_TestCase" name="InvalidRegister" time="0.874">
    <failure type="java.lang.AssertionError" message="Invalid Username and password">
      <![CDATA[java.lang.AssertionError: Invalid Username and password
at dsAlgo_TestCases.Register_TestCase.InvalidRegister(Register_TestCase.java:72)
at java.base/java.util.ArrayList.forEach(ArrayList.java:1511)
... Removed 28 stack frames]]>
    </failure>
  </testcase> <!-- InvalidRegister -->
  <testcase classname="dsAlgo_TestCases.Register_TestCase" name="InvalidRegister" time="0.837">
    <failure type="java.lang.AssertionError" message="Invalid Username and password">
      <![CDATA[java.lang.AssertionError: Invalid Username and password
at dsAlgo_TestCases.Register_TestCase.InvalidRegister(Register_TestCase.java:72)
at java.base/java.util.ArrayList.forEach(ArrayList.java:1511)
... Removed 28 stack frames]]>
    </failure>
  </testcase> <!-- InvalidRegister -->
  <testcase classname="dsAlgo_TestCases.Register_TestCase" name="InvalidRegister" time="0.61">
    <failure type="java.lang.AssertionError" message="Invalid Username and password">
      <![CDATA[java.lang.AssertionError: Invalid Username and password
at dsAlgo_TestCases.Register_TestCase.InvalidRegister(Register_TestCase.java:72)
at java.base/java.util.ArrayList.forEach(ArrayList.java:1511)
... Removed 28 stack frames]]>
    </failure>
  </testcase> <!-- InvalidRegister -->
  <testcase classname="dsAlgo_TestCases.Register_TestCase" name="login" time="0.295"/>
  <testcase classname="dsAlgo_TestCases.Login_Test" name="verifyLogin" time="1.106"/>
  <testcase classname="dsAlgo_TestCases.DsAlgo_HomePage_TestCase" name="verifyHomepageTitle" time="0.034"/>
  <testcase classname="dsAlgo_TestCases.DsAlgo_HomePage_TestCase" name="totalModules" time="0.258"/>
  <testcase classname="dsAlgo_TestCases.DataStructure_TestCase" name="dataStructure" time="1.88"/>
  <testcase classname="dsAlgo_TestCases.DataStructure_TestCase" name="selectArrayModule" time="0.536"/>
  <testcase classname="dsAlgo_TestCases.Array_TestCases" name="VerifyArrayTitle" time="0.016"/>
  <testcase classname="dsAlgo_TestCases.Array_TestCases" name="noOfTopics" time="0.143"/>
  <testcase classname="dsAlgo_TestCases.Array_TestCases" name="Array" time="3.42"/>
  <testcase classname="dsAlgo_TestCases.Array_TestCases" name="SelectGraphModule" time="0.35"/>
  <testcase classname="dsAlgo_TestCases.Graph_TestCases" name="VerifyGraphTitle" time="0.013"/>
  <testcase classname="dsAlgo_TestCases.Graph_TestCases" name="noOfTopics" time="0.062"/>
  <testcase classname="dsAlgo_TestCases.Graph_TestCases" name="Graph" time="1.694"/>
  <testcase classname="dsAlgo_TestCases.Graph_TestCases" name="SelectStackModule" time="0.326"/>
  <testcase classname="dsAlgo_TestCases.Stack_TestCases" name="VerifyStackTitle" time="0.013"/>
  <testcase classname="dsAlgo_TestCases.Stack_TestCases" name="noOfTopics" time="0.083"/>
  <testcase classname="dsAlgo_TestCases.Stack_TestCases" name="Graph" time="2.568"/>
  <testcase classname="dsAlgo_TestCases.Stack_TestCases" name="SelectQueueModule" time="0.446"/>
  <testcase classname="dsAlgo_TestCases.Queue_TestCases" name="VerifyQueueTitle" time="0.016"/>
  <testcase classname="dsAlgo_TestCases.Queue_TestCases" name="noOfTopics" time="0.115"/>
  <testcase classname="dsAlgo_TestCases.Queue_TestCases" name="Graph" time="4.08"/>
  <testcase classname="dsAlgo_TestCases.Queue_TestCases" name="SelectQueueModule" time="0.488"/>
  <testcase classname="dsAlgo_TestCases.Tree_TestCases" name="VerifyTreeTitle" time="0.017"/>
  <testcase classname="dsAlgo_TestCases.Tree_TestCases" name="noOfTopics" time="0.389"/>
  <testcase classname="dsAlgo_TestCases.Tree_TestCases" name="Tree" time="10.45"/>
  <testcase classname="dsAlgo_TestCases.Tree_TestCases" name="SelectQueueModule" time="0.393"/>
  <testcase classname="dsAlgo_TestCases.LinkedList_TestCase" name="VerifyLinkedListTitle" time="0.012"/>
  <testcase classname="dsAlgo_TestCases.LinkedList_TestCase" name="noOfTopics" time="0.163"/>
  <testcase classname="dsAlgo_TestCases.LinkedList_TestCase" name="LinkedList" time="6.253"/>
  <testcase classname="dsAlgo_TestCases.LinkedList_TestCase" name="signOut" time="0.301"/>
  <testcase classname="com.dsalgo.base.Base" name="@BeforeTest crossBrowser" time="0.0">
    <ignored/>
  </testcase> <!-- @BeforeTest crossBrowser -->
  <testcase classname="com.dsalgo.base.Base" name="@BeforeTest crossBrowser" time="0.0">
    <ignored/>
  </testcase> <!-- @BeforeTest crossBrowser -->
  <testcase classname="com.dsalgo.base.Base" name="@BeforeTest crossBrowser" time="0.0">
    <ignored/>
  </testcase> <!-- @BeforeTest crossBrowser -->
  <testcase classname="com.dsalgo.base.Base" name="@BeforeTest crossBrowser" time="0.0">
    <ignored/>
  </testcase> <!-- @BeforeTest crossBrowser -->
  <testcase classname="com.dsalgo.base.Base" name="@BeforeTest crossBrowser" time="0.0">
    <ignored/>
  </testcase> <!-- @BeforeTest crossBrowser -->
  <testcase classname="com.dsalgo.base.Base" name="@BeforeTest crossBrowser" time="0.0">
    <ignored/>
  </testcase> <!-- @BeforeTest crossBrowser -->
  <testcase classname="com.dsalgo.base.Base" name="@BeforeTest crossBrowser" time="0.0">
    <ignored/>
  </testcase> <!-- @BeforeTest crossBrowser -->
  <testcase classname="com.dsalgo.base.Base" name="@BeforeTest crossBrowser" time="0.0">
    <ignored/>
  </testcase> <!-- @BeforeTest crossBrowser -->
  <testcase classname="com.dsalgo.base.Base" name="@BeforeTest crossBrowser" time="0.0">
    <ignored/>
  </testcase> <!-- @BeforeTest crossBrowser -->
</testsuite> <!-- chrome_test -->
