<?xml version="1.0" encoding="UTF-8"?>
<testng-results ignored="18" total="88" passed="64" failed="6" skipped="0">
  <reporter-output>
  </reporter-output>
  <suite started-at="2022-05-04T17:03:37 EDT" name="DsAlgo" finished-at="2022-05-04T17:05:26 EDT" duration-ms="108519">
    <groups>
    </groups>
    <test started-at="2022-05-04T17:03:37 EDT" name="chrome_test" finished-at="2022-05-04T17:04:33 EDT" duration-ms="55956">
      <class name="dsAlgo_TestCases.DsAlgo_HomePage_TestCase">
        <test-method signature="verifyHomepageTitle()[pri:1, instance:dsAlgo_TestCases.DsAlgo_HomePage_TestCase@751ae8a4]" started-at="2022-05-04T17:03:58 EDT" name="verifyHomepageTitle" description="This testcase will verify the title of the home page" finished-at="2022-05-04T17:03:58 EDT" duration-ms="34" status="PASS">
          <reporter-output>
          </reporter-output>
        </test-method> <!-- verifyHomepageTitle -->
        <test-method signature="totalModules()[pri:2, instance:dsAlgo_TestCases.DsAlgo_HomePage_TestCase@751ae8a4]" started-at="2022-05-04T17:03:58 EDT" name="totalModules" description="This testcase will verify the number of modules present in the home page" finished-at="2022-05-04T17:03:58 EDT" duration-ms="258" status="PASS">
          <reporter-output>
          </reporter-output>
        </test-method> <!-- totalModules -->
      </class> <!-- dsAlgo_TestCases.DsAlgo_HomePage_TestCase -->
      <class name="dsAlgo_TestCases.Queue_TestCases">
        <test-method signature="VerifyQueueTitle()[pri:0, instance:dsAlgo_TestCases.Queue_TestCases@360e9c06]" started-at="2022-05-04T17:04:10 EDT" name="VerifyQueueTitle" finished-at="2022-05-04T17:04:10 EDT" duration-ms="16" status="PASS">
          <reporter-output>
          </reporter-output>
        </test-method> <!-- VerifyQueueTitle -->
        <test-method signature="noOfTopics()[pri:1, instance:dsAlgo_TestCases.Queue_TestCases@360e9c06]" started-at="2022-05-04T17:04:10 EDT" name="noOfTopics" description="This test case will check the no of topics on Queue page" finished-at="2022-05-04T17:04:10 EDT" duration-ms="115" status="PASS">
          <reporter-output>
          </reporter-output>
        </test-method> <!-- noOfTopics -->
        <test-method signature="Graph()[pri:2, instance:dsAlgo_TestCases.Queue_TestCases@360e9c06]" started-at="2022-05-04T17:04:10 EDT" name="Graph" finished-at="2022-05-04T17:04:14 EDT" duration-ms="4080" status="PASS">
          <reporter-output>
          </reporter-output>
        </test-method> <!-- Graph -->
        <test-method signature="SelectQueueModule()[pri:3, instance:dsAlgo_TestCases.Queue_TestCases@360e9c06]" started-at="2022-05-04T17:04:14 EDT" name="SelectQueueModule" finished-at="2022-05-04T17:04:15 EDT" duration-ms="488" status="PASS">
          <reporter-output>
          </reporter-output>
        </test-method> <!-- SelectQueueModule -->
      </class> <!-- dsAlgo_TestCases.Queue_TestCases -->
      <class name="dsAlgo_TestCases.Register_TestCase">
        <test-method is-config="true" signature="crossBrowser(java.lang.String)[pri:0, instance:dsAlgo_TestCases.Register_TestCase@5f5effb0]" started-at="2022-05-04T17:03:37 EDT" name="crossBrowser" finished-at="2022-05-04T17:03:45 EDT" duration-ms="7674" status="PASS">
          <params>
            <param index="0">
              <value>
                <![CDATA[chrome]]>
              </value>
            </param>
          </params>
          <reporter-output>
          </reporter-output>
        </test-method> <!-- crossBrowser -->
        <test-method signature="startPage()[pri:1, instance:dsAlgo_TestCases.Register_TestCase@5f5effb0]" started-at="2022-05-04T17:03:45 EDT" name="startPage" description="This testcase will open the browser and click on the getstart button" finished-at="2022-05-04T17:03:46 EDT" duration-ms="1113" status="PASS">
          <reporter-output>
          </reporter-output>
        </test-method> <!-- startPage -->
        <test-method signature="VerifyRegisterPageTitle()[pri:2, instance:dsAlgo_TestCases.Register_TestCase@5f5effb0]" started-at="2022-05-04T17:03:46 EDT" name="VerifyRegisterPageTitle" finished-at="2022-05-04T17:03:46 EDT" duration-ms="21" status="PASS">
          <reporter-output>
          </reporter-output>
        </test-method> <!-- VerifyRegisterPageTitle -->
        <test-method signature="InvalidRegister(java.lang.String,java.lang.String)[pri:3, instance:dsAlgo_TestCases.Register_TestCase@5f5effb0]" started-at="2022-05-04T17:03:50 EDT" name="InvalidRegister" description="This testcase verify the Invalid Usernmae and password" data-provider="register" finished-at="2022-05-04T17:03:51 EDT" duration-ms="874" status="FAIL">
          <params>
            <param index="0">
              <value>
                <![CDATA[pinwheel]]>
              </value>
            </param>
            <param index="1">
              <value>
                <![CDATA[Password]]>
              </value>
            </param>
          </params>
          <exception class="java.lang.AssertionError">
            <message>
              <![CDATA[Invalid Username and password]]>
            </message>
            <full-stacktrace>
              <![CDATA[java.lang.AssertionError: Invalid Username and password
at org.testng.Assert.fail(Assert.java:99)
at dsAlgo_TestCases.Register_TestCase.InvalidRegister(Register_TestCase.java:72)
at java.base/jdk.internal.reflect.NativeMethodAccessorImpl.invoke0(Native Method)
at java.base/jdk.internal.reflect.NativeMethodAccessorImpl.invoke(NativeMethodAccessorImpl.java:77)
at java.base/jdk.internal.reflect.DelegatingMethodAccessorImpl.invoke(DelegatingMethodAccessorImpl.java:43)
at java.base/java.lang.reflect.Method.invoke(Method.java:568)
at org.testng.internal.MethodInvocationHelper.invokeMethod(MethodInvocationHelper.java:133)
at org.testng.internal.TestInvoker.invokeMethod(TestInvoker.java:598)
at org.testng.internal.TestInvoker.invokeTestMethod(TestInvoker.java:173)
at org.testng.internal.MethodRunner.runInSequence(MethodRunner.java:46)
at org.testng.internal.TestInvoker$MethodInvocationAgent.invoke(TestInvoker.java:824)
at org.testng.internal.TestInvoker.invokeTestMethods(TestInvoker.java:146)
at org.testng.internal.TestMethodWorker.invokeTestMethods(TestMethodWorker.java:146)
at org.testng.internal.TestMethodWorker.run(TestMethodWorker.java:128)
at java.base/java.util.ArrayList.forEach(ArrayList.java:1511)
at org.testng.TestRunner.privateRun(TestRunner.java:794)
at org.testng.TestRunner.run(TestRunner.java:596)
at org.testng.SuiteRunner.runTest(SuiteRunner.java:377)
at org.testng.SuiteRunner.runSequentially(SuiteRunner.java:371)
at org.testng.SuiteRunner.privateRun(SuiteRunner.java:332)
at org.testng.SuiteRunner.run(SuiteRunner.java:276)
at org.testng.SuiteRunnerWorker.runSuite(SuiteRunnerWorker.java:53)
at org.testng.SuiteRunnerWorker.run(SuiteRunnerWorker.java:96)
at org.testng.TestNG.runSuitesSequentially(TestNG.java:1212)
at org.testng.TestNG.runSuitesLocally(TestNG.java:1134)
at org.testng.TestNG.runSuites(TestNG.java:1063)
at org.testng.TestNG.run(TestNG.java:1031)
at org.testng.remote.AbstractRemoteTestNG.run(AbstractRemoteTestNG.java:115)
at org.testng.remote.RemoteTestNG.initAndRun(RemoteTestNG.java:251)
at org.testng.remote.RemoteTestNG.main(RemoteTestNG.java:77)
]]>
            </full-stacktrace>
          </exception> <!-- java.lang.AssertionError -->
          <reporter-output>
          </reporter-output>
        </test-method> <!-- InvalidRegister -->
        <test-method signature="InvalidRegister(java.lang.String,java.lang.String)[pri:3, instance:dsAlgo_TestCases.Register_TestCase@5f5effb0]" started-at="2022-05-04T17:03:52 EDT" name="InvalidRegister" description="This testcase verify the Invalid Usernmae and password" data-provider="register" finished-at="2022-05-04T17:03:53 EDT" duration-ms="837" status="FAIL">
          <params>
            <param index="0">
              <value>
                <![CDATA[dsalgo]]>
              </value>
            </param>
            <param index="1">
              <value>
                <![CDATA[algo_1$]]>
              </value>
            </param>
          </params>
          <exception class="java.lang.AssertionError">
            <message>
              <![CDATA[Invalid Username and password]]>
            </message>
            <full-stacktrace>
              <![CDATA[java.lang.AssertionError: Invalid Username and password
at org.testng.Assert.fail(Assert.java:99)
at dsAlgo_TestCases.Register_TestCase.InvalidRegister(Register_TestCase.java:72)
at java.base/jdk.internal.reflect.NativeMethodAccessorImpl.invoke0(Native Method)
at java.base/jdk.internal.reflect.NativeMethodAccessorImpl.invoke(NativeMethodAccessorImpl.java:77)
at java.base/jdk.internal.reflect.DelegatingMethodAccessorImpl.invoke(DelegatingMethodAccessorImpl.java:43)
at java.base/java.lang.reflect.Method.invoke(Method.java:568)
at org.testng.internal.MethodInvocationHelper.invokeMethod(MethodInvocationHelper.java:133)
at org.testng.internal.TestInvoker.invokeMethod(TestInvoker.java:598)
at org.testng.internal.TestInvoker.invokeTestMethod(TestInvoker.java:173)
at org.testng.internal.MethodRunner.runInSequence(MethodRunner.java:46)
at org.testng.internal.TestInvoker$MethodInvocationAgent.invoke(TestInvoker.java:824)
at org.testng.internal.TestInvoker.invokeTestMethods(TestInvoker.java:146)
at org.testng.internal.TestMethodWorker.invokeTestMethods(TestMethodWorker.java:146)
at org.testng.internal.TestMethodWorker.run(TestMethodWorker.java:128)
at java.base/java.util.ArrayList.forEach(ArrayList.java:1511)
at org.testng.TestRunner.privateRun(TestRunner.java:794)
at org.testng.TestRunner.run(TestRunner.java:596)
at org.testng.SuiteRunner.runTest(SuiteRunner.java:377)
at org.testng.SuiteRunner.runSequentially(SuiteRunner.java:371)
at org.testng.SuiteRunner.privateRun(SuiteRunner.java:332)
at org.testng.SuiteRunner.run(SuiteRunner.java:276)
at org.testng.SuiteRunnerWorker.runSuite(SuiteRunnerWorker.java:53)
at org.testng.SuiteRunnerWorker.run(SuiteRunnerWorker.java:96)
at org.testng.TestNG.runSuitesSequentially(TestNG.java:1212)
at org.testng.TestNG.runSuitesLocally(TestNG.java:1134)
at org.testng.TestNG.runSuites(TestNG.java:1063)
at org.testng.TestNG.run(TestNG.java:1031)
at org.testng.remote.AbstractRemoteTestNG.run(AbstractRemoteTestNG.java:115)
at org.testng.remote.RemoteTestNG.initAndRun(RemoteTestNG.java:251)
at org.testng.remote.RemoteTestNG.main(RemoteTestNG.java:77)
]]>
            </full-stacktrace>
          </exception> <!-- java.lang.AssertionError -->
          <reporter-output>
          </reporter-output>
        </test-method> <!-- InvalidRegister -->
        <test-method signature="InvalidRegister(java.lang.String,java.lang.String)[pri:3, instance:dsAlgo_TestCases.Register_TestCase@5f5effb0]" started-at="2022-05-04T17:03:55 EDT" name="InvalidRegister" description="This testcase verify the Invalid Usernmae and password" data-provider="register" finished-at="2022-05-04T17:03:55 EDT" duration-ms="610" status="FAIL">
          <params>
            <param index="0">
              <value>
                <![CDATA[sdet38]]>
              </value>
            </param>
            <param index="1">
              <value>
                <![CDATA[pasword@]]>
              </value>
            </param>
          </params>
          <exception class="java.lang.AssertionError">
            <message>
              <![CDATA[Invalid Username and password]]>
            </message>
            <full-stacktrace>
              <![CDATA[java.lang.AssertionError: Invalid Username and password
at org.testng.Assert.fail(Assert.java:99)
at dsAlgo_TestCases.Register_TestCase.InvalidRegister(Register_TestCase.java:72)
at java.base/jdk.internal.reflect.NativeMethodAccessorImpl.invoke0(Native Method)
at java.base/jdk.internal.reflect.NativeMethodAccessorImpl.invoke(NativeMethodAccessorImpl.java:77)
at java.base/jdk.internal.reflect.DelegatingMethodAccessorImpl.invoke(DelegatingMethodAccessorImpl.java:43)
at java.base/java.lang.reflect.Method.invoke(Method.java:568)
at org.testng.internal.MethodInvocationHelper.invokeMethod(MethodInvocationHelper.java:133)
at org.testng.internal.TestInvoker.invokeMethod(TestInvoker.java:598)
at org.testng.internal.TestInvoker.invokeTestMethod(TestInvoker.java:173)
at org.testng.internal.MethodRunner.runInSequence(MethodRunner.java:46)
at org.testng.internal.TestInvoker$MethodInvocationAgent.invoke(TestInvoker.java:824)
at org.testng.internal.TestInvoker.invokeTestMethods(TestInvoker.java:146)
at org.testng.internal.TestMethodWorker.invokeTestMethods(TestMethodWorker.java:146)
at org.testng.internal.TestMethodWorker.run(TestMethodWorker.java:128)
at java.base/java.util.ArrayList.forEach(ArrayList.java:1511)
at org.testng.TestRunner.privateRun(TestRunner.java:794)
at org.testng.TestRunner.run(TestRunner.java:596)
at org.testng.SuiteRunner.runTest(SuiteRunner.java:377)
at org.testng.SuiteRunner.runSequentially(SuiteRunner.java:371)
at org.testng.SuiteRunner.privateRun(SuiteRunner.java:332)
at org.testng.SuiteRunner.run(SuiteRunner.java:276)
at org.testng.SuiteRunnerWorker.runSuite(SuiteRunnerWorker.java:53)
at org.testng.SuiteRunnerWorker.run(SuiteRunnerWorker.java:96)
at org.testng.TestNG.runSuitesSequentially(TestNG.java:1212)
at org.testng.TestNG.runSuitesLocally(TestNG.java:1134)
at org.testng.TestNG.runSuites(TestNG.java:1063)
at org.testng.TestNG.run(TestNG.java:1031)
at org.testng.remote.AbstractRemoteTestNG.run(AbstractRemoteTestNG.java:115)
at org.testng.remote.RemoteTestNG.initAndRun(RemoteTestNG.java:251)
at org.testng.remote.RemoteTestNG.main(RemoteTestNG.java:77)
]]>
            </full-stacktrace>
          </exception> <!-- java.lang.AssertionError -->
          <reporter-output>
          </reporter-output>
        </test-method> <!-- InvalidRegister -->
        <test-method signature="login()[pri:4, instance:dsAlgo_TestCases.Register_TestCase@5f5effb0]" started-at="2022-05-04T17:03:56 EDT" name="login" finished-at="2022-05-04T17:03:57 EDT" duration-ms="295" status="PASS">
          <reporter-output>
          </reporter-output>
        </test-method> <!-- login -->
      </class> <!-- dsAlgo_TestCases.Register_TestCase -->
      <class name="dsAlgo_TestCases.Stack_TestCases">
        <test-method signature="VerifyStackTitle()[pri:0, instance:dsAlgo_TestCases.Stack_TestCases@101a461c]" started-at="2022-05-04T17:04:07 EDT" name="VerifyStackTitle" finished-at="2022-05-04T17:04:07 EDT" duration-ms="13" status="PASS">
          <reporter-output>
          </reporter-output>
        </test-method> <!-- VerifyStackTitle -->
        <test-method signature="noOfTopics()[pri:1, instance:dsAlgo_TestCases.Stack_TestCases@101a461c]" started-at="2022-05-04T17:04:07 EDT" name="noOfTopics" description="This test case will check the no of topics on Stack page" finished-at="2022-05-04T17:04:07 EDT" duration-ms="83" status="PASS">
          <reporter-output>
          </reporter-output>
        </test-method> <!-- noOfTopics -->
        <test-method signature="Graph()[pri:2, instance:dsAlgo_TestCases.Stack_TestCases@101a461c]" started-at="2022-05-04T17:04:07 EDT" name="Graph" finished-at="2022-05-04T17:04:09 EDT" duration-ms="2568" status="PASS">
          <reporter-output>
          </reporter-output>
        </test-method> <!-- Graph -->
        <test-method signature="SelectQueueModule()[pri:3, instance:dsAlgo_TestCases.Stack_TestCases@101a461c]" started-at="2022-05-04T17:04:09 EDT" name="SelectQueueModule" finished-at="2022-05-04T17:04:10 EDT" duration-ms="446" status="PASS">
          <reporter-output>
          </reporter-output>
        </test-method> <!-- SelectQueueModule -->
      </class> <!-- dsAlgo_TestCases.Stack_TestCases -->
      <class name="dsAlgo_TestCases.DataStructure_TestCase">
        <test-method signature="dataStructure()[pri:0, instance:dsAlgo_TestCases.DataStructure_TestCase@2da16263]" started-at="2022-05-04T17:03:58 EDT" name="dataStructure" description="This testcase will take you the flow of the data structure page" finished-at="2022-05-04T17:04:00 EDT" duration-ms="1880" status="PASS">
          <reporter-output>
          </reporter-output>
        </test-method> <!-- dataStructure -->
        <test-method signature="selectArrayModule()[pri:1, instance:dsAlgo_TestCases.DataStructure_TestCase@2da16263]" started-at="2022-05-04T17:04:00 EDT" name="selectArrayModule" description="navaigating back and choosing a module Array" finished-at="2022-05-04T17:04:01 EDT" duration-ms="536" status="PASS">
          <reporter-output>
          </reporter-output>
        </test-method> <!-- selectArrayModule -->
      </class> <!-- dsAlgo_TestCases.DataStructure_TestCase -->
      <class name="dsAlgo_TestCases.LinkedList_TestCase">
        <test-method signature="VerifyLinkedListTitle()[pri:0, instance:dsAlgo_TestCases.LinkedList_TestCase@311ff287]" started-at="2022-05-04T17:04:26 EDT" name="VerifyLinkedListTitle" finished-at="2022-05-04T17:04:26 EDT" duration-ms="12" status="PASS">
          <reporter-output>
          </reporter-output>
        </test-method> <!-- VerifyLinkedListTitle -->
        <test-method signature="noOfTopics()[pri:1, instance:dsAlgo_TestCases.LinkedList_TestCase@311ff287]" started-at="2022-05-04T17:04:26 EDT" name="noOfTopics" description="This test case will check the no of topics on LinkedList page" finished-at="2022-05-04T17:04:26 EDT" duration-ms="163" status="PASS">
          <reporter-output>
          </reporter-output>
        </test-method> <!-- noOfTopics -->
        <test-method signature="LinkedList()[pri:2, instance:dsAlgo_TestCases.LinkedList_TestCase@311ff287]" started-at="2022-05-04T17:04:26 EDT" name="LinkedList" finished-at="2022-05-04T17:04:32 EDT" duration-ms="6253" status="PASS">
          <reporter-output>
          </reporter-output>
        </test-method> <!-- LinkedList -->
        <test-method signature="signOut()[pri:3, instance:dsAlgo_TestCases.LinkedList_TestCase@311ff287]" started-at="2022-05-04T17:04:32 EDT" name="signOut" finished-at="2022-05-04T17:04:33 EDT" duration-ms="301" status="PASS">
          <reporter-output>
          </reporter-output>
        </test-method> <!-- signOut -->
        <test-method is-config="true" signature="TearDown()[pri:0, instance:dsAlgo_TestCases.LinkedList_TestCase@311ff287]" started-at="2022-05-04T17:04:33 EDT" name="TearDown" finished-at="2022-05-04T17:04:33 EDT" duration-ms="539" status="PASS">
          <reporter-output>
          </reporter-output>
        </test-method> <!-- TearDown -->
      </class> <!-- dsAlgo_TestCases.LinkedList_TestCase -->
      <class name="dsAlgo_TestCases.Tree_TestCases">
        <test-method signature="VerifyTreeTitle()[pri:0, instance:dsAlgo_TestCases.Tree_TestCases@5ebffb44]" started-at="2022-05-04T17:04:15 EDT" name="VerifyTreeTitle" finished-at="2022-05-04T17:04:15 EDT" duration-ms="17" status="PASS">
          <reporter-output>
          </reporter-output>
        </test-method> <!-- VerifyTreeTitle -->
        <test-method signature="noOfTopics()[pri:1, instance:dsAlgo_TestCases.Tree_TestCases@5ebffb44]" started-at="2022-05-04T17:04:15 EDT" name="noOfTopics" description="This test case will check the no of topics on Tree page" finished-at="2022-05-04T17:04:15 EDT" duration-ms="389" status="PASS">
          <reporter-output>
          </reporter-output>
        </test-method> <!-- noOfTopics -->
        <test-method signature="Tree()[pri:2, instance:dsAlgo_TestCases.Tree_TestCases@5ebffb44]" started-at="2022-05-04T17:04:15 EDT" name="Tree" finished-at="2022-05-04T17:04:25 EDT" duration-ms="10450" status="PASS">
          <reporter-output>
          </reporter-output>
        </test-method> <!-- Tree -->
        <test-method signature="SelectQueueModule()[pri:3, instance:dsAlgo_TestCases.Tree_TestCases@5ebffb44]" started-at="2022-05-04T17:04:25 EDT" name="SelectQueueModule" finished-at="2022-05-04T17:04:26 EDT" duration-ms="393" status="PASS">
          <reporter-output>
          </reporter-output>
        </test-method> <!-- SelectQueueModule -->
      </class> <!-- dsAlgo_TestCases.Tree_TestCases -->
      <class name="dsAlgo_TestCases.Login_Test">
        <test-method signature="verifyLogin()[pri:1, instance:dsAlgo_TestCases.Login_Test@58d6e55a]" started-at="2022-05-04T17:03:57 EDT" name="verifyLogin" description="This test case will verify login with username and password" finished-at="2022-05-04T17:03:58 EDT" duration-ms="1106" status="PASS">
          <reporter-output>
          </reporter-output>
        </test-method> <!-- verifyLogin -->
      </class> <!-- dsAlgo_TestCases.Login_Test -->
      <class name="dsAlgo_TestCases.Graph_TestCases">
        <test-method signature="VerifyGraphTitle()[pri:0, instance:dsAlgo_TestCases.Graph_TestCases@47e51549]" started-at="2022-05-04T17:04:05 EDT" name="VerifyGraphTitle" finished-at="2022-05-04T17:04:05 EDT" duration-ms="13" status="PASS">
          <reporter-output>
          </reporter-output>
        </test-method> <!-- VerifyGraphTitle -->
        <test-method signature="noOfTopics()[pri:1, instance:dsAlgo_TestCases.Graph_TestCases@47e51549]" started-at="2022-05-04T17:04:05 EDT" name="noOfTopics" description="This test case will check the no of topics on Graph page" finished-at="2022-05-04T17:04:05 EDT" duration-ms="62" status="PASS">
          <reporter-output>
          </reporter-output>
        </test-method> <!-- noOfTopics -->
        <test-method signature="Graph()[pri:2, instance:dsAlgo_TestCases.Graph_TestCases@47e51549]" started-at="2022-05-04T17:04:05 EDT" name="Graph" finished-at="2022-05-04T17:04:06 EDT" duration-ms="1694" status="PASS">
          <reporter-output>
          </reporter-output>
        </test-method> <!-- Graph -->
        <test-method signature="SelectStackModule()[pri:3, instance:dsAlgo_TestCases.Graph_TestCases@47e51549]" started-at="2022-05-04T17:04:06 EDT" name="SelectStackModule" finished-at="2022-05-04T17:04:07 EDT" duration-ms="326" status="PASS">
          <reporter-output>
          </reporter-output>
        </test-method> <!-- SelectStackModule -->
      </class> <!-- dsAlgo_TestCases.Graph_TestCases -->
      <class name="dsAlgo_TestCases.Array_TestCases">
        <test-method signature="VerifyArrayTitle()[pri:0, instance:dsAlgo_TestCases.Array_TestCases@f5ce0bb]" started-at="2022-05-04T17:04:01 EDT" name="VerifyArrayTitle" finished-at="2022-05-04T17:04:01 EDT" duration-ms="16" status="PASS">
          <reporter-output>
          </reporter-output>
        </test-method> <!-- VerifyArrayTitle -->
        <test-method signature="noOfTopics()[pri:1, instance:dsAlgo_TestCases.Array_TestCases@f5ce0bb]" started-at="2022-05-04T17:04:01 EDT" name="noOfTopics" description="This test case will check the no of topics on Array page" finished-at="2022-05-04T17:04:01 EDT" duration-ms="143" status="PASS">
          <reporter-output>
          </reporter-output>
        </test-method> <!-- noOfTopics -->
        <test-method signature="Array()[pri:2, instance:dsAlgo_TestCases.Array_TestCases@f5ce0bb]" started-at="2022-05-04T17:04:01 EDT" name="Array" finished-at="2022-05-04T17:04:04 EDT" duration-ms="3420" status="PASS">
          <reporter-output>
          </reporter-output>
        </test-method> <!-- Array -->
        <test-method signature="SelectGraphModule()[pri:3, instance:dsAlgo_TestCases.Array_TestCases@f5ce0bb]" started-at="2022-05-04T17:04:04 EDT" name="SelectGraphModule" finished-at="2022-05-04T17:04:05 EDT" duration-ms="350" status="PASS">
          <reporter-output>
          </reporter-output>
        </test-method> <!-- SelectGraphModule -->
      </class> <!-- dsAlgo_TestCases.Array_TestCases -->
    </test> <!-- chrome_test -->
    <test started-at="2022-05-04T17:04:34 EDT" name="edge_test" finished-at="2022-05-04T17:05:26 EDT" duration-ms="51366">
      <class name="dsAlgo_TestCases.DsAlgo_HomePage_TestCase">
        <test-method signature="verifyHomepageTitle()[pri:1, instance:dsAlgo_TestCases.DsAlgo_HomePage_TestCase@949c598]" started-at="2022-05-04T17:04:47 EDT" name="verifyHomepageTitle" description="This testcase will verify the title of the home page" finished-at="2022-05-04T17:04:47 EDT" duration-ms="12" status="PASS">
          <reporter-output>
          </reporter-output>
        </test-method> <!-- verifyHomepageTitle -->
        <test-method signature="totalModules()[pri:2, instance:dsAlgo_TestCases.DsAlgo_HomePage_TestCase@949c598]" started-at="2022-05-04T17:04:47 EDT" name="totalModules" description="This testcase will verify the number of modules present in the home page" finished-at="2022-05-04T17:04:47 EDT" duration-ms="167" status="PASS">
          <reporter-output>
          </reporter-output>
        </test-method> <!-- totalModules -->
      </class> <!-- dsAlgo_TestCases.DsAlgo_HomePage_TestCase -->
      <class name="dsAlgo_TestCases.Queue_TestCases">
        <test-method signature="VerifyQueueTitle()[pri:0, instance:dsAlgo_TestCases.Queue_TestCases@6f1b8544]" started-at="2022-05-04T17:04:59 EDT" name="VerifyQueueTitle" finished-at="2022-05-04T17:04:59 EDT" duration-ms="14" status="PASS">
          <reporter-output>
          </reporter-output>
        </test-method> <!-- VerifyQueueTitle -->
        <test-method signature="noOfTopics()[pri:1, instance:dsAlgo_TestCases.Queue_TestCases@6f1b8544]" started-at="2022-05-04T17:04:59 EDT" name="noOfTopics" description="This test case will check the no of topics on Queue page" finished-at="2022-05-04T17:05:00 EDT" duration-ms="103" status="PASS">
          <reporter-output>
          </reporter-output>
        </test-method> <!-- noOfTopics -->
        <test-method signature="Graph()[pri:2, instance:dsAlgo_TestCases.Queue_TestCases@6f1b8544]" started-at="2022-05-04T17:05:00 EDT" name="Graph" finished-at="2022-05-04T17:05:04 EDT" duration-ms="4144" status="PASS">
          <reporter-output>
          </reporter-output>
        </test-method> <!-- Graph -->
        <test-method signature="SelectQueueModule()[pri:3, instance:dsAlgo_TestCases.Queue_TestCases@6f1b8544]" started-at="2022-05-04T17:05:04 EDT" name="SelectQueueModule" finished-at="2022-05-04T17:05:04 EDT" duration-ms="445" status="PASS">
          <reporter-output>
          </reporter-output>
        </test-method> <!-- SelectQueueModule -->
      </class> <!-- dsAlgo_TestCases.Queue_TestCases -->
      <class name="dsAlgo_TestCases.Register_TestCase">
        <test-method is-config="true" signature="crossBrowser(java.lang.String)[pri:0, instance:dsAlgo_TestCases.Register_TestCase@1a565afb]" started-at="2022-05-04T17:04:34 EDT" name="crossBrowser" finished-at="2022-05-04T17:04:39 EDT" duration-ms="4789" status="PASS">
          <params>
            <param index="0">
              <value>
                <![CDATA[edge]]>
              </value>
            </param>
          </params>
          <reporter-output>
          </reporter-output>
        </test-method> <!-- crossBrowser -->
        <test-method signature="startPage()[pri:1, instance:dsAlgo_TestCases.Register_TestCase@1a565afb]" started-at="2022-05-04T17:04:39 EDT" name="startPage" description="This testcase will open the browser and click on the getstart button" finished-at="2022-05-04T17:04:40 EDT" duration-ms="1114" status="PASS">
          <reporter-output>
          </reporter-output>
        </test-method> <!-- startPage -->
        <test-method signature="VerifyRegisterPageTitle()[pri:2, instance:dsAlgo_TestCases.Register_TestCase@1a565afb]" started-at="2022-05-04T17:04:40 EDT" name="VerifyRegisterPageTitle" finished-at="2022-05-04T17:04:40 EDT" duration-ms="16" status="PASS">
          <reporter-output>
          </reporter-output>
        </test-method> <!-- VerifyRegisterPageTitle -->
        <test-method signature="InvalidRegister(java.lang.String,java.lang.String)[pri:3, instance:dsAlgo_TestCases.Register_TestCase@1a565afb]" started-at="2022-05-04T17:04:41 EDT" name="InvalidRegister" description="This testcase verify the Invalid Usernmae and password" data-provider="register" finished-at="2022-05-04T17:04:42 EDT" duration-ms="923" status="FAIL">
          <params>
            <param index="0">
              <value>
                <![CDATA[pinwheel]]>
              </value>
            </param>
            <param index="1">
              <value>
                <![CDATA[Password]]>
              </value>
            </param>
          </params>
          <exception class="java.lang.AssertionError">
            <message>
              <![CDATA[Invalid Username and password]]>
            </message>
            <full-stacktrace>
              <![CDATA[java.lang.AssertionError: Invalid Username and password
at org.testng.Assert.fail(Assert.java:99)
at dsAlgo_TestCases.Register_TestCase.InvalidRegister(Register_TestCase.java:72)
at java.base/jdk.internal.reflect.NativeMethodAccessorImpl.invoke0(Native Method)
at java.base/jdk.internal.reflect.NativeMethodAccessorImpl.invoke(NativeMethodAccessorImpl.java:77)
at java.base/jdk.internal.reflect.DelegatingMethodAccessorImpl.invoke(DelegatingMethodAccessorImpl.java:43)
at java.base/java.lang.reflect.Method.invoke(Method.java:568)
at org.testng.internal.MethodInvocationHelper.invokeMethod(MethodInvocationHelper.java:133)
at org.testng.internal.TestInvoker.invokeMethod(TestInvoker.java:598)
at org.testng.internal.TestInvoker.invokeTestMethod(TestInvoker.java:173)
at org.testng.internal.MethodRunner.runInSequence(MethodRunner.java:46)
at org.testng.internal.TestInvoker$MethodInvocationAgent.invoke(TestInvoker.java:824)
at org.testng.internal.TestInvoker.invokeTestMethods(TestInvoker.java:146)
at org.testng.internal.TestMethodWorker.invokeTestMethods(TestMethodWorker.java:146)
at org.testng.internal.TestMethodWorker.run(TestMethodWorker.java:128)
at java.base/java.util.ArrayList.forEach(ArrayList.java:1511)
at org.testng.TestRunner.privateRun(TestRunner.java:794)
at org.testng.TestRunner.run(TestRunner.java:596)
at org.testng.SuiteRunner.runTest(SuiteRunner.java:377)
at org.testng.SuiteRunner.runSequentially(SuiteRunner.java:371)
at org.testng.SuiteRunner.privateRun(SuiteRunner.java:332)
at org.testng.SuiteRunner.run(SuiteRunner.java:276)
at org.testng.SuiteRunnerWorker.runSuite(SuiteRunnerWorker.java:53)
at org.testng.SuiteRunnerWorker.run(SuiteRunnerWorker.java:96)
at org.testng.TestNG.runSuitesSequentially(TestNG.java:1212)
at org.testng.TestNG.runSuitesLocally(TestNG.java:1134)
at org.testng.TestNG.runSuites(TestNG.java:1063)
at org.testng.TestNG.run(TestNG.java:1031)
at org.testng.remote.AbstractRemoteTestNG.run(AbstractRemoteTestNG.java:115)
at org.testng.remote.RemoteTestNG.initAndRun(RemoteTestNG.java:251)
at org.testng.remote.RemoteTestNG.main(RemoteTestNG.java:77)
]]>
            </full-stacktrace>
          </exception> <!-- java.lang.AssertionError -->
          <reporter-output>
          </reporter-output>
        </test-method> <!-- InvalidRegister -->
        <test-method signature="InvalidRegister(java.lang.String,java.lang.String)[pri:3, instance:dsAlgo_TestCases.Register_TestCase@1a565afb]" started-at="2022-05-04T17:04:42 EDT" name="InvalidRegister" description="This testcase verify the Invalid Usernmae and password" data-provider="register" finished-at="2022-05-04T17:04:43 EDT" duration-ms="532" status="FAIL">
          <params>
            <param index="0">
              <value>
                <![CDATA[dsalgo]]>
              </value>
            </param>
            <param index="1">
              <value>
                <![CDATA[algo_1$]]>
              </value>
            </param>
          </params>
          <exception class="java.lang.AssertionError">
            <message>
              <![CDATA[Invalid Username and password]]>
            </message>
            <full-stacktrace>
              <![CDATA[java.lang.AssertionError: Invalid Username and password
at org.testng.Assert.fail(Assert.java:99)
at dsAlgo_TestCases.Register_TestCase.InvalidRegister(Register_TestCase.java:72)
at java.base/jdk.internal.reflect.NativeMethodAccessorImpl.invoke0(Native Method)
at java.base/jdk.internal.reflect.NativeMethodAccessorImpl.invoke(NativeMethodAccessorImpl.java:77)
at java.base/jdk.internal.reflect.DelegatingMethodAccessorImpl.invoke(DelegatingMethodAccessorImpl.java:43)
at java.base/java.lang.reflect.Method.invoke(Method.java:568)
at org.testng.internal.MethodInvocationHelper.invokeMethod(MethodInvocationHelper.java:133)
at org.testng.internal.TestInvoker.invokeMethod(TestInvoker.java:598)
at org.testng.internal.TestInvoker.invokeTestMethod(TestInvoker.java:173)
at org.testng.internal.MethodRunner.runInSequence(MethodRunner.java:46)
at org.testng.internal.TestInvoker$MethodInvocationAgent.invoke(TestInvoker.java:824)
at org.testng.internal.TestInvoker.invokeTestMethods(TestInvoker.java:146)
at org.testng.internal.TestMethodWorker.invokeTestMethods(TestMethodWorker.java:146)
at org.testng.internal.TestMethodWorker.run(TestMethodWorker.java:128)
at java.base/java.util.ArrayList.forEach(ArrayList.java:1511)
at org.testng.TestRunner.privateRun(TestRunner.java:794)
at org.testng.TestRunner.run(TestRunner.java:596)
at org.testng.SuiteRunner.runTest(SuiteRunner.java:377)
at org.testng.SuiteRunner.runSequentially(SuiteRunner.java:371)
at org.testng.SuiteRunner.privateRun(SuiteRunner.java:332)
at org.testng.SuiteRunner.run(SuiteRunner.java:276)
at org.testng.SuiteRunnerWorker.runSuite(SuiteRunnerWorker.java:53)
at org.testng.SuiteRunnerWorker.run(SuiteRunnerWorker.java:96)
at org.testng.TestNG.runSuitesSequentially(TestNG.java:1212)
at org.testng.TestNG.runSuitesLocally(TestNG.java:1134)
at org.testng.TestNG.runSuites(TestNG.java:1063)
at org.testng.TestNG.run(TestNG.java:1031)
at org.testng.remote.AbstractRemoteTestNG.run(AbstractRemoteTestNG.java:115)
at org.testng.remote.RemoteTestNG.initAndRun(RemoteTestNG.java:251)
at org.testng.remote.RemoteTestNG.main(RemoteTestNG.java:77)
]]>
            </full-stacktrace>
          </exception> <!-- java.lang.AssertionError -->
          <reporter-output>
          </reporter-output>
        </test-method> <!-- InvalidRegister -->
        <test-method signature="InvalidRegister(java.lang.String,java.lang.String)[pri:3, instance:dsAlgo_TestCases.Register_TestCase@1a565afb]" started-at="2022-05-04T17:04:44 EDT" name="InvalidRegister" description="This testcase verify the Invalid Usernmae and password" data-provider="register" finished-at="2022-05-04T17:04:45 EDT" duration-ms="605" status="FAIL">
          <params>
            <param index="0">
              <value>
                <![CDATA[sdet38]]>
              </value>
            </param>
            <param index="1">
              <value>
                <![CDATA[pasword@]]>
              </value>
            </param>
          </params>
          <exception class="java.lang.AssertionError">
            <message>
              <![CDATA[Invalid Username and password]]>
            </message>
            <full-stacktrace>
              <![CDATA[java.lang.AssertionError: Invalid Username and password
at org.testng.Assert.fail(Assert.java:99)
at dsAlgo_TestCases.Register_TestCase.InvalidRegister(Register_TestCase.java:72)
at java.base/jdk.internal.reflect.NativeMethodAccessorImpl.invoke0(Native Method)
at java.base/jdk.internal.reflect.NativeMethodAccessorImpl.invoke(NativeMethodAccessorImpl.java:77)
at java.base/jdk.internal.reflect.DelegatingMethodAccessorImpl.invoke(DelegatingMethodAccessorImpl.java:43)
at java.base/java.lang.reflect.Method.invoke(Method.java:568)
at org.testng.internal.MethodInvocationHelper.invokeMethod(MethodInvocationHelper.java:133)
at org.testng.internal.TestInvoker.invokeMethod(TestInvoker.java:598)
at org.testng.internal.TestInvoker.invokeTestMethod(TestInvoker.java:173)
at org.testng.internal.MethodRunner.runInSequence(MethodRunner.java:46)
at org.testng.internal.TestInvoker$MethodInvocationAgent.invoke(TestInvoker.java:824)
at org.testng.internal.TestInvoker.invokeTestMethods(TestInvoker.java:146)
at org.testng.internal.TestMethodWorker.invokeTestMethods(TestMethodWorker.java:146)
at org.testng.internal.TestMethodWorker.run(TestMethodWorker.java:128)
at java.base/java.util.ArrayList.forEach(ArrayList.java:1511)
at org.testng.TestRunner.privateRun(TestRunner.java:794)
at org.testng.TestRunner.run(TestRunner.java:596)
at org.testng.SuiteRunner.runTest(SuiteRunner.java:377)
at org.testng.SuiteRunner.runSequentially(SuiteRunner.java:371)
at org.testng.SuiteRunner.privateRun(SuiteRunner.java:332)
at org.testng.SuiteRunner.run(SuiteRunner.java:276)
at org.testng.SuiteRunnerWorker.runSuite(SuiteRunnerWorker.java:53)
at org.testng.SuiteRunnerWorker.run(SuiteRunnerWorker.java:96)
at org.testng.TestNG.runSuitesSequentially(TestNG.java:1212)
at org.testng.TestNG.runSuitesLocally(TestNG.java:1134)
at org.testng.TestNG.runSuites(TestNG.java:1063)
at org.testng.TestNG.run(TestNG.java:1031)
at org.testng.remote.AbstractRemoteTestNG.run(AbstractRemoteTestNG.java:115)
at org.testng.remote.RemoteTestNG.initAndRun(RemoteTestNG.java:251)
at org.testng.remote.RemoteTestNG.main(RemoteTestNG.java:77)
]]>
            </full-stacktrace>
          </exception> <!-- java.lang.AssertionError -->
          <reporter-output>
          </reporter-output>
        </test-method> <!-- InvalidRegister -->
        <test-method signature="login()[pri:4, instance:dsAlgo_TestCases.Register_TestCase@1a565afb]" started-at="2022-05-04T17:04:46 EDT" name="login" finished-at="2022-05-04T17:04:46 EDT" duration-ms="210" status="PASS">
          <reporter-output>
          </reporter-output>
        </test-method> <!-- login -->
      </class> <!-- dsAlgo_TestCases.Register_TestCase -->
      <class name="dsAlgo_TestCases.Stack_TestCases">
        <test-method signature="VerifyStackTitle()[pri:0, instance:dsAlgo_TestCases.Stack_TestCases@314b9e4b]" started-at="2022-05-04T17:04:57 EDT" name="VerifyStackTitle" finished-at="2022-05-04T17:04:57 EDT" duration-ms="13" status="PASS">
          <reporter-output>
          </reporter-output>
        </test-method> <!-- VerifyStackTitle -->
        <test-method signature="noOfTopics()[pri:1, instance:dsAlgo_TestCases.Stack_TestCases@314b9e4b]" started-at="2022-05-04T17:04:57 EDT" name="noOfTopics" description="This test case will check the no of topics on Stack page" finished-at="2022-05-04T17:04:57 EDT" duration-ms="87" status="PASS">
          <reporter-output>
          </reporter-output>
        </test-method> <!-- noOfTopics -->
        <test-method signature="Graph()[pri:2, instance:dsAlgo_TestCases.Stack_TestCases@314b9e4b]" started-at="2022-05-04T17:04:57 EDT" name="Graph" finished-at="2022-05-04T17:04:59 EDT" duration-ms="1965" status="PASS">
          <reporter-output>
          </reporter-output>
        </test-method> <!-- Graph -->
        <test-method signature="SelectQueueModule()[pri:3, instance:dsAlgo_TestCases.Stack_TestCases@314b9e4b]" started-at="2022-05-04T17:04:59 EDT" name="SelectQueueModule" finished-at="2022-05-04T17:04:59 EDT" duration-ms="420" status="PASS">
          <reporter-output>
          </reporter-output>
        </test-method> <!-- SelectQueueModule -->
      </class> <!-- dsAlgo_TestCases.Stack_TestCases -->
      <class name="dsAlgo_TestCases.DataStructure_TestCase">
        <test-method signature="dataStructure()[pri:0, instance:dsAlgo_TestCases.DataStructure_TestCase@43d3aba5]" started-at="2022-05-04T17:04:47 EDT" name="dataStructure" description="This testcase will take you the flow of the data structure page" finished-at="2022-05-04T17:04:49 EDT" duration-ms="1646" status="PASS">
          <reporter-output>
          </reporter-output>
        </test-method> <!-- dataStructure -->
        <test-method signature="selectArrayModule()[pri:1, instance:dsAlgo_TestCases.DataStructure_TestCase@43d3aba5]" started-at="2022-05-04T17:04:49 EDT" name="selectArrayModule" description="navaigating back and choosing a module Array" finished-at="2022-05-04T17:04:49 EDT" duration-ms="623" status="PASS">
          <reporter-output>
          </reporter-output>
        </test-method> <!-- selectArrayModule -->
      </class> <!-- dsAlgo_TestCases.DataStructure_TestCase -->
      <class name="dsAlgo_TestCases.LinkedList_TestCase">
        <test-method signature="VerifyLinkedListTitle()[pri:0, instance:dsAlgo_TestCases.LinkedList_TestCase@688a2c09]" started-at="2022-05-04T17:05:18 EDT" name="VerifyLinkedListTitle" finished-at="2022-05-04T17:05:18 EDT" duration-ms="12" status="PASS">
          <reporter-output>
          </reporter-output>
        </test-method> <!-- VerifyLinkedListTitle -->
        <test-method signature="noOfTopics()[pri:1, instance:dsAlgo_TestCases.LinkedList_TestCase@688a2c09]" started-at="2022-05-04T17:05:18 EDT" name="noOfTopics" description="This test case will check the no of topics on LinkedList page" finished-at="2022-05-04T17:05:18 EDT" duration-ms="223" status="PASS">
          <reporter-output>
          </reporter-output>
        </test-method> <!-- noOfTopics -->
        <test-method signature="LinkedList()[pri:2, instance:dsAlgo_TestCases.LinkedList_TestCase@688a2c09]" started-at="2022-05-04T17:05:18 EDT" name="LinkedList" finished-at="2022-05-04T17:05:25 EDT" duration-ms="7209" status="PASS">
          <reporter-output>
          </reporter-output>
        </test-method> <!-- LinkedList -->
        <test-method signature="signOut()[pri:3, instance:dsAlgo_TestCases.LinkedList_TestCase@688a2c09]" started-at="2022-05-04T17:05:25 EDT" name="signOut" finished-at="2022-05-04T17:05:25 EDT" duration-ms="304" status="PASS">
          <reporter-output>
          </reporter-output>
        </test-method> <!-- signOut -->
        <test-method is-config="true" signature="TearDown()[pri:0, instance:dsAlgo_TestCases.LinkedList_TestCase@688a2c09]" started-at="2022-05-04T17:05:25 EDT" name="TearDown" finished-at="2022-05-04T17:05:26 EDT" duration-ms="373" status="PASS">
          <reporter-output>
          </reporter-output>
        </test-method> <!-- TearDown -->
      </class> <!-- dsAlgo_TestCases.LinkedList_TestCase -->
      <class name="dsAlgo_TestCases.Tree_TestCases">
        <test-method signature="VerifyTreeTitle()[pri:0, instance:dsAlgo_TestCases.Tree_TestCases@51dae791]" started-at="2022-05-04T17:05:04 EDT" name="VerifyTreeTitle" finished-at="2022-05-04T17:05:04 EDT" duration-ms="11" status="PASS">
          <reporter-output>
          </reporter-output>
        </test-method> <!-- VerifyTreeTitle -->
        <test-method signature="noOfTopics()[pri:1, instance:dsAlgo_TestCases.Tree_TestCases@51dae791]" started-at="2022-05-04T17:05:04 EDT" name="noOfTopics" description="This test case will check the no of topics on Tree page" finished-at="2022-05-04T17:05:04 EDT" duration-ms="292" status="PASS">
          <reporter-output>
          </reporter-output>
        </test-method> <!-- noOfTopics -->
        <test-method signature="Tree()[pri:2, instance:dsAlgo_TestCases.Tree_TestCases@51dae791]" started-at="2022-05-04T17:05:04 EDT" name="Tree" finished-at="2022-05-04T17:05:17 EDT" duration-ms="12618" status="PASS">
          <reporter-output>
          </reporter-output>
        </test-method> <!-- Tree -->
        <test-method signature="SelectQueueModule()[pri:3, instance:dsAlgo_TestCases.Tree_TestCases@51dae791]" started-at="2022-05-04T17:05:17 EDT" name="SelectQueueModule" finished-at="2022-05-04T17:05:18 EDT" duration-ms="468" status="PASS">
          <reporter-output>
          </reporter-output>
        </test-method> <!-- SelectQueueModule -->
      </class> <!-- dsAlgo_TestCases.Tree_TestCases -->
      <class name="dsAlgo_TestCases.Login_Test">
        <test-method signature="verifyLogin()[pri:1, instance:dsAlgo_TestCases.Login_Test@2fd64b11]" started-at="2022-05-04T17:04:46 EDT" name="verifyLogin" description="This test case will verify login with username and password" finished-at="2022-05-04T17:04:47 EDT" duration-ms="925" status="PASS">
          <reporter-output>
          </reporter-output>
        </test-method> <!-- verifyLogin -->
      </class> <!-- dsAlgo_TestCases.Login_Test -->
      <class name="dsAlgo_TestCases.Graph_TestCases">
        <test-method signature="VerifyGraphTitle()[pri:0, instance:dsAlgo_TestCases.Graph_TestCases@76e9f00b]" started-at="2022-05-04T17:04:54 EDT" name="VerifyGraphTitle" finished-at="2022-05-04T17:04:54 EDT" duration-ms="15" status="PASS">
          <reporter-output>
          </reporter-output>
        </test-method> <!-- VerifyGraphTitle -->
        <test-method signature="noOfTopics()[pri:1, instance:dsAlgo_TestCases.Graph_TestCases@76e9f00b]" started-at="2022-05-04T17:04:54 EDT" name="noOfTopics" description="This test case will check the no of topics on Graph page" finished-at="2022-05-04T17:04:54 EDT" duration-ms="83" status="PASS">
          <reporter-output>
          </reporter-output>
        </test-method> <!-- noOfTopics -->
        <test-method signature="Graph()[pri:2, instance:dsAlgo_TestCases.Graph_TestCases@76e9f00b]" started-at="2022-05-04T17:04:54 EDT" name="Graph" finished-at="2022-05-04T17:04:56 EDT" duration-ms="2138" status="PASS">
          <reporter-output>
          </reporter-output>
        </test-method> <!-- Graph -->
        <test-method signature="SelectStackModule()[pri:3, instance:dsAlgo_TestCases.Graph_TestCases@76e9f00b]" started-at="2022-05-04T17:04:56 EDT" name="SelectStackModule" finished-at="2022-05-04T17:04:57 EDT" duration-ms="429" status="PASS">
          <reporter-output>
          </reporter-output>
        </test-method> <!-- SelectStackModule -->
      </class> <!-- dsAlgo_TestCases.Graph_TestCases -->
      <class name="dsAlgo_TestCases.Array_TestCases">
        <test-method signature="VerifyArrayTitle()[pri:0, instance:dsAlgo_TestCases.Array_TestCases@6bfaa0a6]" started-at="2022-05-04T17:04:49 EDT" name="VerifyArrayTitle" finished-at="2022-05-04T17:04:49 EDT" duration-ms="15" status="PASS">
          <reporter-output>
          </reporter-output>
        </test-method> <!-- VerifyArrayTitle -->
        <test-method signature="noOfTopics()[pri:1, instance:dsAlgo_TestCases.Array_TestCases@6bfaa0a6]" started-at="2022-05-04T17:04:49 EDT" name="noOfTopics" description="This test case will check the no of topics on Array page" finished-at="2022-05-04T17:04:49 EDT" duration-ms="118" status="PASS">
          <reporter-output>
          </reporter-output>
        </test-method> <!-- noOfTopics -->
        <test-method signature="Array()[pri:2, instance:dsAlgo_TestCases.Array_TestCases@6bfaa0a6]" started-at="2022-05-04T17:04:49 EDT" name="Array" finished-at="2022-05-04T17:04:54 EDT" duration-ms="4357" status="PASS">
          <reporter-output>
          </reporter-output>
        </test-method> <!-- Array -->
        <test-method signature="SelectGraphModule()[pri:3, instance:dsAlgo_TestCases.Array_TestCases@6bfaa0a6]" started-at="2022-05-04T17:04:54 EDT" name="SelectGraphModule" finished-at="2022-05-04T17:04:54 EDT" duration-ms="448" status="PASS">
          <reporter-output>
          </reporter-output>
        </test-method> <!-- SelectGraphModule -->
      </class> <!-- dsAlgo_TestCases.Array_TestCases -->
    </test> <!-- edge_test -->
  </suite> <!-- DsAlgo -->
</testng-results>
